<?xml version="1.0" encoding="UTF-8"?>
<!-- Generated by org.testng.reporters.JUnitReportReporter -->
<testsuite hostname="Harinders-MacBook-Air.local" failures="0" tests="3" name="tests.Testing1" time="13.213" errors="0" timestamp="2025-06-29T13:52:23 EDT" skipped="0">
  <testcase classname="tests.Testing1" name="Test2" time="3.623"/>
  <testcase classname="tests.Testing1" name="Test1" time="5.927"/>
  <testcase classname="tests.Testing1" name="Test3" time="3.663"/>
</testsuite> <!-- tests.Testing1 -->
