<?xml version="1.0" encoding="UTF-8"?>
<!-- Generated by org.testng.reporters.JUnitReportReporter -->
<testsuite hostname="Harinders-MacBook-Air.local" failures="0" tests="2" name="tests.Testing2" time="0.004" errors="0" timestamp="2025-06-29T14:03:13 EDT" skipped="0">
  <testcase classname="tests.Testing2" name="Test4" time="0.004"/>
  <testcase classname="tests.Testing2" name="Test5" time="0.000"/>
</testsuite> <!-- tests.Testing2 -->
