<?xml version="1.0" encoding="UTF-8"?>
<!-- Generated by org.testng.reporters.JUnitReportReporter -->
<testsuite hostname="Harinders-MacBook-Air.local" failures="0" tests="3" name="tests.Testing1" time="22.418" errors="0" timestamp="2025-06-29T14:03:13 EDT" skipped="0">
  <testcase classname="tests.Testing1" name="Test1" time="9.442"/>
  <testcase classname="tests.Testing1" name="Test3" time="6.794"/>
  <testcase classname="tests.Testing1" name="Test2" time="6.182"/>
</testsuite> <!-- tests.Testing1 -->
